{
  "RSpec": {
    "coverage": {
      "/home/wally/code/turingSchool/module2/projects/LittleEtsyShop/app/helpers/application_helper.rb": {
        "lines": [
          1,
          null
        ]
      },
      "/home/wally/code/turingSchool/module2/projects/LittleEtsyShop/app/models/customer.rb": {
        "lines": [
          1,
          null
        ]
      },
      "/home/wally/code/turingSchool/module2/projects/LittleEtsyShop/app/models/application_record.rb": {
        "lines": [
          1,
          1,
          null
        ]
      },
      "/home/wally/code/turingSchool/module2/projects/LittleEtsyShop/spec/models/invoice_item_spec.rb": {
        "lines": [
          1,
          null,
          1,
          1,
          null
        ]
      },
      "/home/wally/code/turingSchool/module2/projects/LittleEtsyShop/app/models/invoice_item.rb": {
        "lines": [
          1,
          1,
          1,
          null
        ]
      },
      "/home/wally/code/turingSchool/module2/projects/LittleEtsyShop/spec/models/invoice_spec.rb": {
        "lines": [
          1,
          null,
          1,
          1,
          null
        ]
      },
      "/home/wally/code/turingSchool/module2/projects/LittleEtsyShop/app/models/invoice.rb": {
        "lines": [
          1,
          1,
          null
        ]
      },
      "/home/wally/code/turingSchool/module2/projects/LittleEtsyShop/spec/models/item_spec.rb": {
        "lines": [
          1,
          null,
          1,
          1,
          null
        ]
      },
      "/home/wally/code/turingSchool/module2/projects/LittleEtsyShop/app/models/item.rb": {
        "lines": [
          1,
          1,
          null
        ]
      },
      "/home/wally/code/turingSchool/module2/projects/LittleEtsyShop/spec/models/merchant_spec.rb": {
        "lines": [
          1,
          null,
          1,
          1,
          2,
          null,
          null
        ]
      },
      "/home/wally/code/turingSchool/module2/projects/LittleEtsyShop/app/models/merchant.rb": {
        "lines": [
          1,
          1,
          null
        ]
      },
      "/home/wally/code/turingSchool/module2/projects/LittleEtsyShop/spec/models/transaction_spec.rb": {
        "lines": [
          1,
          null,
          1,
          1,
          null
        ]
      },
      "/home/wally/code/turingSchool/module2/projects/LittleEtsyShop/app/models/transaction.rb": {
        "lines": [
          1,
          1,
          null
        ]
      }
    },
    "timestamp": 1633464057
  }
}
